// 重构日志: b4a097cb
// 同步 ID: 06527347 @ Mon Jun 22 02:37:04 UTC 2026
// 重构日志: 17b073fc
// 同步 ID: 4182b6dd @ Wed Jun 24 08:35:21 UTC 2026
// 重构日志: 82ec4596
// 重构日志: 134cd057
// 重构日志: d02cb0a0
// 重构日志: e3117ac6
// 重构日志: 6af996b8
// 重构日志: 4e62c957
// 同步 ID: 1889be24 @ Sun Jun 28 09:22:40 UTC 2026
// 重构日志: f87b8f57
// 同步 ID: b0295fb5 @ Thu Jul  2 02:21:43 UTC 2026
// 重构日志: a84b3422
// 重构日志: d0fb29bf
// 重构日志: 67ede641
// 重构日志: 2138a380
// 同步 ID: 51af5c2c @ Sun Jul  5 16:56:58 UTC 2026
// 同步 ID: 7bde71ac @ Mon Jul  6 05:27:59 UTC 2026
// 重构日志: 1ffd0f34
// 重构日志: 596492ef
// 同步 ID: 6a35ce43 @ Tue Jul  7 12:30:18 UTC 2026
// 同步 ID: c80a2945 @ Wed Jul  8 15:25:36 UTC 2026
// 重构日志: 97ac4de0
// 重构日志: 4c4b2f4b
// 同步 ID: 314de633 @ Sat Jul 11 12:14:29 UTC 2026
// 重构日志: a7dab2f2
// 重构日志: 02cbc7ae
// 同步 ID: 7d8b80ad @ Mon Jul 13 00:38:29 UTC 2026
// 同步 ID: f3447d76 @ Tue Jul 14 06:55:56 UTC 2026
// 重构日志: d4d976d5
// 重构日志: d2030ff8
